<?xml version="1.0" encoding="UTF-8"?>
<testng-results ignored="3" total="6" passed="2" failed="1" skipped="0">
  <reporter-output>
  </reporter-output>
  <suite started-at="2018-11-20T02:52:36Z" name="Suite" finished-at="2018-11-20T02:54:41Z" duration-ms="125305">
    <groups>
    </groups>
    <test started-at="2018-11-20T02:52:36Z" name="Default test" finished-at="2018-11-20T02:54:41Z" duration-ms="125305">
      <class name="com.demoaut.newtours.MavenDemo.InvalidUserTest">
        <test-method is-config="true" signature="openBrowser()[pri:0, instance:com.demoaut.newtours.MavenDemo.InvalidUserTest@5b12b668]" started-at="2018-11-20T02:53:43Z" name="openBrowser" finished-at="2018-11-20T02:53:48Z" duration-ms="5660" status="PASS">
          <reporter-output>
          </reporter-output>
        </test-method> <!-- openBrowser -->
        <test-method signature="userValidation()[pri:0, instance:com.demoaut.newtours.MavenDemo.InvalidUserTest@5b12b668]" started-at="2018-11-20T02:53:48Z" name="userValidation" finished-at="2018-11-20T02:53:50Z" duration-ms="1827" status="FAIL">
          <exception class="java.lang.AssertionError">
            <message>
              <![CDATA[expected [false] but found [true]]]>
            </message>
            <full-stacktrace>
              <![CDATA[java.lang.AssertionError: expected [false] but found [true]
at org.testng.Assert.fail(Assert.java:96)
at org.testng.Assert.failNotEquals(Assert.java:776)
at org.testng.Assert.assertFalse(Assert.java:65)
at org.testng.Assert.assertFalse(Assert.java:75)
at com.demoaut.newtours.MavenDemo.InvalidUserTest.userValidation(InvalidUserTest.java:26)
at java.base/jdk.internal.reflect.NativeMethodAccessorImpl.invoke0(Native Method)
at java.base/jdk.internal.reflect.NativeMethodAccessorImpl.invoke(NativeMethodAccessorImpl.java:62)
at java.base/jdk.internal.reflect.DelegatingMethodAccessorImpl.invoke(DelegatingMethodAccessorImpl.java:43)
at java.base/java.lang.reflect.Method.invoke(Method.java:564)
at org.testng.internal.MethodInvocationHelper.invokeMethod(MethodInvocationHelper.java:124)
at org.testng.internal.Invoker.invokeMethod(Invoker.java:583)
at org.testng.internal.Invoker.invokeTestMethod(Invoker.java:719)
at org.testng.internal.Invoker.invokeTestMethods(Invoker.java:989)
at org.testng.internal.TestMethodWorker.invokeTestMethods(TestMethodWorker.java:125)
at org.testng.internal.TestMethodWorker.run(TestMethodWorker.java:109)
at org.testng.TestRunner.privateRun(TestRunner.java:648)
at org.testng.TestRunner.run(TestRunner.java:505)
at org.testng.SuiteRunner.runTest(SuiteRunner.java:455)
at org.testng.SuiteRunner.runSequentially(SuiteRunner.java:450)
at org.testng.SuiteRunner.privateRun(SuiteRunner.java:415)
at org.testng.SuiteRunner.run(SuiteRunner.java:364)
at org.testng.SuiteRunnerWorker.runSuite(SuiteRunnerWorker.java:52)
at org.testng.SuiteRunnerWorker.run(SuiteRunnerWorker.java:84)
at org.testng.TestNG.runSuitesSequentially(TestNG.java:1208)
at org.testng.TestNG.runSuitesLocally(TestNG.java:1137)
at org.testng.TestNG.runSuites(TestNG.java:1049)
at org.testng.TestNG.run(TestNG.java:1017)
at org.apache.maven.surefire.testng.TestNGExecutor.run(TestNGExecutor.java:282)
at org.apache.maven.surefire.testng.TestNGXmlTestSuite.execute(TestNGXmlTestSuite.java:83)
at org.apache.maven.surefire.testng.TestNGProvider.invoke(TestNGProvider.java:114)
at org.apache.maven.surefire.booter.ForkedBooter.invokeProviderInSameClassLoader(ForkedBooter.java:286)
at org.apache.maven.surefire.booter.ForkedBooter.runSuitesInProcess(ForkedBooter.java:240)
at org.apache.maven.surefire.booter.ForkedBooter.main(ForkedBooter.java:121)
]]>
            </full-stacktrace>
          </exception> <!-- java.lang.AssertionError -->
          <reporter-output>
          </reporter-output>
        </test-method> <!-- userValidation -->
        <test-method is-config="true" signature="closeBrowser()[pri:0, instance:com.demoaut.newtours.MavenDemo.InvalidUserTest@5b12b668]" started-at="2018-11-20T02:53:50Z" name="closeBrowser" finished-at="2018-11-20T02:53:51Z" duration-ms="30" status="PASS">
          <reporter-output>
          </reporter-output>
        </test-method> <!-- closeBrowser -->
      </class> <!-- com.demoaut.newtours.MavenDemo.InvalidUserTest -->
      <class name="com.demoaut.newtours.MavenDemo.BaseTest">
        <test-method is-config="true" signature="tearDown()[pri:0, instance:com.demoaut.newtours.MavenDemo.BaseTest@815b41f]" started-at="2018-11-20T02:54:41Z" name="tearDown" finished-at="2018-11-20T02:55:02Z" duration-ms="20678" status="PASS">
          <reporter-output>
          </reporter-output>
        </test-method> <!-- tearDown -->
      </class> <!-- com.demoaut.newtours.MavenDemo.BaseTest -->
      <class name="com.demoaut.newtours.MavenDemo.BookTicketTest">
        <test-method is-config="true" signature="openBrowser()[pri:0, instance:com.demoaut.newtours.MavenDemo.BookTicketTest@327514f]" started-at="2018-11-20T02:52:36Z" name="openBrowser" finished-at="2018-11-20T02:52:42Z" duration-ms="5914" status="PASS">
          <reporter-output>
          </reporter-output>
        </test-method> <!-- openBrowser -->
        <test-method signature="ticketBookingTest()[pri:0, instance:com.demoaut.newtours.MavenDemo.BookTicketTest@327514f]" started-at="2018-11-20T02:52:42Z" name="ticketBookingTest" finished-at="2018-11-20T02:53:43Z" duration-ms="60741" status="PASS">
          <reporter-output>
          </reporter-output>
        </test-method> <!-- ticketBookingTest -->
        <test-method is-config="true" signature="closeBrowser()[pri:0, instance:com.demoaut.newtours.MavenDemo.BookTicketTest@327514f]" started-at="2018-11-20T02:53:43Z" name="closeBrowser" finished-at="2018-11-20T02:53:43Z" duration-ms="38" status="PASS">
          <reporter-output>
          </reporter-output>
        </test-method> <!-- closeBrowser -->
      </class> <!-- com.demoaut.newtours.MavenDemo.BookTicketTest -->
      <class name="com.demoaut.newtours.MavenDemo.ValidateUSerTest">
        <test-method is-config="true" signature="openBrowser()[pri:0, instance:com.demoaut.newtours.MavenDemo.ValidateUSerTest@1165b38]" started-at="2018-11-20T02:53:51Z" name="openBrowser" finished-at="2018-11-20T02:53:56Z" duration-ms="5627" status="PASS">
          <reporter-output>
          </reporter-output>
        </test-method> <!-- openBrowser -->
        <test-method signature="userValidation()[pri:0, instance:com.demoaut.newtours.MavenDemo.ValidateUSerTest@1165b38]" started-at="2018-11-20T02:53:56Z" name="userValidation" finished-at="2018-11-20T02:54:41Z" duration-ms="45041" status="PASS">
          <reporter-output>
          </reporter-output>
        </test-method> <!-- userValidation -->
        <test-method is-config="true" signature="closeBrowser()[pri:0, instance:com.demoaut.newtours.MavenDemo.ValidateUSerTest@1165b38]" started-at="2018-11-20T02:54:41Z" name="closeBrowser" finished-at="2018-11-20T02:54:41Z" duration-ms="29" status="PASS">
          <reporter-output>
          </reporter-output>
        </test-method> <!-- closeBrowser -->
      </class> <!-- com.demoaut.newtours.MavenDemo.ValidateUSerTest -->
    </test> <!-- Default test -->
  </suite> <!-- Suite -->
</testng-results>
