<?xml version="1.0" encoding="UTF-8"?>
<testng-results ignored="3" total="6" passed="2" failed="1" skipped="0">
  <reporter-output>
  </reporter-output>
  <suite started-at="2018-11-17T02:49:14Z" name="Suite" finished-at="2018-11-17T02:49:46Z" duration-ms="32711">
    <groups>
    </groups>
    <test started-at="2018-11-17T02:49:14Z" name="Default test" finished-at="2018-11-17T02:49:46Z" duration-ms="32711">
      <class name="com.demoaut.newtours.TestCases.BookTicketTest">
        <test-method is-config="true" signature="openBrowser()[pri:0, instance:com.demoaut.newtours.TestCases.BookTicketTest@2b4bac49]" started-at="2018-11-17T02:49:14Z" name="openBrowser" finished-at="2018-11-17T02:49:19Z" duration-ms="5599" status="PASS">
          <reporter-output>
          </reporter-output>
        </test-method> <!-- openBrowser -->
        <test-method signature="ticketBookingTest()[pri:0, instance:com.demoaut.newtours.TestCases.BookTicketTest@2b4bac49]" started-at="2018-11-17T02:49:19Z" name="ticketBookingTest" finished-at="2018-11-17T02:49:28Z" duration-ms="8448" status="PASS">
          <reporter-output>
          </reporter-output>
        </test-method> <!-- ticketBookingTest -->
        <test-method is-config="true" signature="closeBrowser()[pri:0, instance:com.demoaut.newtours.TestCases.BookTicketTest@2b4bac49]" started-at="2018-11-17T02:49:28Z" name="closeBrowser" finished-at="2018-11-17T02:49:28Z" duration-ms="34" status="PASS">
          <reporter-output>
          </reporter-output>
        </test-method> <!-- closeBrowser -->
      </class> <!-- com.demoaut.newtours.TestCases.BookTicketTest -->
      <class name="com.demoaut.newtours.TestCases.ValidateUSerTest">
        <test-method is-config="true" signature="openBrowser()[pri:0, instance:com.demoaut.newtours.TestCases.ValidateUSerTest@3571b748]" started-at="2018-11-17T02:49:35Z" name="openBrowser" finished-at="2018-11-17T02:49:41Z" duration-ms="5410" status="PASS">
          <reporter-output>
          </reporter-output>
        </test-method> <!-- openBrowser -->
        <test-method signature="userValidation()[pri:0, instance:com.demoaut.newtours.TestCases.ValidateUSerTest@3571b748]" started-at="2018-11-17T02:49:41Z" name="userValidation" finished-at="2018-11-17T02:49:46Z" duration-ms="5653" status="PASS">
          <reporter-output>
          </reporter-output>
        </test-method> <!-- userValidation -->
        <test-method is-config="true" signature="closeBrowser()[pri:0, instance:com.demoaut.newtours.TestCases.ValidateUSerTest@3571b748]" started-at="2018-11-17T02:49:46Z" name="closeBrowser" finished-at="2018-11-17T02:49:46Z" duration-ms="36" status="PASS">
          <reporter-output>
          </reporter-output>
        </test-method> <!-- closeBrowser -->
      </class> <!-- com.demoaut.newtours.TestCases.ValidateUSerTest -->
      <class name="com.demoaut.newtours.TestCases.InvalidUserTest">
        <test-method is-config="true" signature="openBrowser()[pri:0, instance:com.demoaut.newtours.TestCases.InvalidUserTest@fd07cbb]" started-at="2018-11-17T02:49:28Z" name="openBrowser" finished-at="2018-11-17T02:49:33Z" duration-ms="5281" status="PASS">
          <reporter-output>
          </reporter-output>
        </test-method> <!-- openBrowser -->
        <test-method signature="userValidation()[pri:0, instance:com.demoaut.newtours.TestCases.InvalidUserTest@fd07cbb]" started-at="2018-11-17T02:49:33Z" name="userValidation" finished-at="2018-11-17T02:49:35Z" duration-ms="1809" status="FAIL">
          <exception class="java.lang.AssertionError">
            <message>
              <![CDATA[expected [false] but found [true]]]>
            </message>
            <full-stacktrace>
              <![CDATA[java.lang.AssertionError: expected [false] but found [true]
at org.testng.Assert.fail(Assert.java:96)
at org.testng.Assert.failNotEquals(Assert.java:776)
at org.testng.Assert.assertFalse(Assert.java:65)
at org.testng.Assert.assertFalse(Assert.java:75)
at com.demoaut.newtours.TestCases.InvalidUserTest.userValidation(InvalidUserTest.java:28)
at java.base/jdk.internal.reflect.NativeMethodAccessorImpl.invoke0(Native Method)
at java.base/jdk.internal.reflect.NativeMethodAccessorImpl.invoke(Unknown Source)
at java.base/jdk.internal.reflect.DelegatingMethodAccessorImpl.invoke(Unknown Source)
at java.base/java.lang.reflect.Method.invoke(Unknown Source)
at org.testng.internal.MethodInvocationHelper.invokeMethod(MethodInvocationHelper.java:124)
at org.testng.internal.Invoker.invokeMethod(Invoker.java:583)
at org.testng.internal.Invoker.invokeTestMethod(Invoker.java:719)
at org.testng.internal.Invoker.invokeTestMethods(Invoker.java:989)
at org.testng.internal.TestMethodWorker.invokeTestMethods(TestMethodWorker.java:125)
at org.testng.internal.TestMethodWorker.run(TestMethodWorker.java:109)
at org.testng.TestRunner.privateRun(TestRunner.java:648)
at org.testng.TestRunner.run(TestRunner.java:505)
at org.testng.SuiteRunner.runTest(SuiteRunner.java:455)
at org.testng.SuiteRunner.runSequentially(SuiteRunner.java:450)
at org.testng.SuiteRunner.privateRun(SuiteRunner.java:415)
at org.testng.SuiteRunner.run(SuiteRunner.java:364)
at org.testng.SuiteRunnerWorker.runSuite(SuiteRunnerWorker.java:52)
at org.testng.SuiteRunnerWorker.run(SuiteRunnerWorker.java:84)
at org.testng.TestNG.runSuitesSequentially(TestNG.java:1208)
at org.testng.TestNG.runSuitesLocally(TestNG.java:1137)
at org.testng.TestNG.runSuites(TestNG.java:1049)
at org.testng.TestNG.run(TestNG.java:1017)
at org.testng.remote.AbstractRemoteTestNG.run(AbstractRemoteTestNG.java:114)
at org.testng.remote.RemoteTestNG.initAndRun(RemoteTestNG.java:251)
at org.testng.remote.RemoteTestNG.main(RemoteTestNG.java:77)
]]>
            </full-stacktrace>
          </exception> <!-- java.lang.AssertionError -->
          <reporter-output>
          </reporter-output>
        </test-method> <!-- userValidation -->
        <test-method is-config="true" signature="closeBrowser()[pri:0, instance:com.demoaut.newtours.TestCases.InvalidUserTest@fd07cbb]" started-at="2018-11-17T02:49:35Z" name="closeBrowser" finished-at="2018-11-17T02:49:35Z" duration-ms="34" status="PASS">
          <reporter-output>
          </reporter-output>
        </test-method> <!-- closeBrowser -->
      </class> <!-- com.demoaut.newtours.TestCases.InvalidUserTest -->
      <class name="com.demoaut.newtours.TestCases.BaseTest">
        <test-method is-config="true" signature="tearDown()[pri:0, instance:com.demoaut.newtours.TestCases.BaseTest@7c83dc97]" started-at="2018-11-17T02:49:46Z" name="tearDown" finished-at="2018-11-17T02:50:05Z" duration-ms="18973" status="PASS">
          <reporter-output>
          </reporter-output>
        </test-method> <!-- tearDown -->
      </class> <!-- com.demoaut.newtours.TestCases.BaseTest -->
    </test> <!-- Default test -->
  </suite> <!-- Suite -->
</testng-results>
